nohup: ignoring input

[INFO] Trading bot started with Nifty trend filter...
✅ Logged in as: Shrinath Chathoth
🔍 INFY: Leverage used: 10x
[FILTER] INFY skipped: Not aligned with Nifty trend (DOWN)
🔍 INFY: Leverage used: 10x
[FILTER] INFY skipped: Not aligned with Nifty trend (DOWN)
🔍 INFY: Leverage used: 10x
[FILTER] INFY skipped: Not aligned with Nifty trend (DOWN)
🔍 INFY: Leverage used: 10x
[FILTER] INFY skipped: Not aligned with Nifty trend (DOWN)
🔍 INFY: Leverage used: 10x
[FILTER] INFY skipped: Not aligned with Nifty trend (DOWN)
🔍 INFY: Leverage used: 10x
[FILTER] INFY skipped: Not aligned with Nifty trend (DOWN)
🔍 INFY: Leverage used: 10x
[FILTER] INFY skipped: Not aligned with Nifty trend (DOWN)
🔍 INFY: Leverage used: 10x
[FILTER] INFY skipped: Not aligned with Nifty trend (DOWN)
🔍 INFY: Leverage used: 10x
[FILTER] INFY skipped: Not aligned with Nifty trend (DOWN)
🔍 INFY: Leverage used: 10x
[FILTER] INFY skipped: Not aligned with Nifty trend (DOWN)
🔍 INFY: Leverage used: 10x
[FILTER] INFY skipped: Not aligned with Nifty trend (DOWN)
🔍 INFY: Leverage used: 10x
[FILTER] INFY skipped: Not aligned with Nifty trend (DOWN)
🔍 INFY: Leverage used: 10x
[FILTER] INFY skipped: Not aligned with Nifty trend (DOWN)
🔍 INFY: Leverage used: 10x
[FILTER] INFY skipped: Not aligned with Nifty trend (DOWN)
🔍 INFY: Leverage used: 10x
[FILTER] INFY skipped: Not aligned with Nifty trend (DOWN)
🔍 INFY: Leverage used: 10x
[FILTER] INFY skipped: Not aligned with Nifty trend (DOWN)
🔍 INFY: Leverage used: 10x
[FILTER] INFY skipped: Not aligned with Nifty trend (DOWN)
🔍 INFY: Leverage used: 10x
[FILTER] INFY skipped: Not aligned with Nifty trend (DOWN)
🔍 INFY: Leverage used: 10x
[FILTER] INFY skipped: Not aligned with Nifty trend (DOWN)
🔍 INFY: Leverage used: 10x
[FILTER] INFY skipped: Not aligned with Nifty trend (DOWN)
🔍 INFY: Leverage used: 10x
[FILTER] INFY skipped: Not aligned with Nifty trend (DOWN)
🔍 INFY: Leverage used: 10x
[FILTER] INFY skipped: Not aligned with Nifty trend (DOWN)
🔍 INFY: Leverage used: 10x
[FILTER] INFY skipped: Not aligned with Nifty trend (DOWN)
🔍 INFY: Leverage used: 10x
[FILTER] INFY skipped: Not aligned with Nifty trend (DOWN)
🔍 INFY: Leverage used: 10x
[FILTER] INFY skipped: Not aligned with Nifty trend (DOWN)
🔍 INFY: Leverage used: 10x
[FILTER] INFY skipped: Not aligned with Nifty trend (DOWN)
🔍 INFY: Leverage used: 10x
[FILTER] INFY skipped: Not aligned with Nifty trend (DOWN)
🔍 INFY: Leverage used: 10x
[FILTER] INFY skipped: Not aligned with Nifty trend (DOWN)
🔍 INFY: Leverage used: 10x

[SIGNAL] INFY signal from VWAP Reversal (VWAP Strategy)
✅ BUY order placed for INFY, Qty: 19
[TRAIL SL] Updated for INFY: ₹1487.7 → ₹1488.52
🔍 TCS: Leverage used: 10x

[SIGNAL] TCS signal from VWAP Reversal (VWAP Strategy)
✅ BUY order placed for TCS, Qty: 8
[SL] Stop Loss hit for INFY at ₹1488.5
✅ SELL order placed for INFY, Qty: 19
[SL] Stop Loss hit for TCS at ₹3450
✅ SELL order placed for TCS, Qty: 8
🔍 TCS: Leverage used: 10x
[FILTER] TCS skipped: Not aligned with Nifty trend (DOWN)
[SKIP] RELIANCE: No new trades allowed after 3:00 PM
[SKIP] TCS: No new trades allowed after 3:00 PM
[SKIP] HDFCBANK: No new trades allowed after 3:00 PM
[SKIP] INFY: No new trades allowed after 3:00 PM
[SKIP] ICICIBANK: No new trades allowed after 3:00 PM
[SKIP] RELIANCE: No new trades allowed after 3:00 PM
[SKIP] TCS: No new trades allowed after 3:00 PM
[SKIP] HDFCBANK: No new trades allowed after 3:00 PM
[SKIP] INFY: No new trades allowed after 3:00 PM
[SKIP] ICICIBANK: No new trades allowed after 3:00 PM
[SKIP] RELIANCE: No new trades allowed after 3:00 PM
[SKIP] TCS: No new trades allowed after 3:00 PM
[SKIP] HDFCBANK: No new trades allowed after 3:00 PM
[SKIP] INFY: No new trades allowed after 3:00 PM
[SKIP] ICICIBANK: No new trades allowed after 3:00 PM
[SKIP] RELIANCE: No new trades allowed after 3:00 PM
[SKIP] TCS: No new trades allowed after 3:00 PM
[SKIP] HDFCBANK: No new trades allowed after 3:00 PM
[SKIP] INFY: No new trades allowed after 3:00 PM
[SKIP] ICICIBANK: No new trades allowed after 3:00 PM
[SKIP] RELIANCE: No new trades allowed after 3:00 PM
[SKIP] TCS: No new trades allowed after 3:00 PM
[SKIP] HDFCBANK: No new trades allowed after 3:00 PM
[SKIP] INFY: No new trades allowed after 3:00 PM
[SKIP] ICICIBANK: No new trades allowed after 3:00 PM
[SKIP] RELIANCE: No new trades allowed after 3:00 PM
[SKIP] TCS: No new trades allowed after 3:00 PM
[SKIP] HDFCBANK: No new trades allowed after 3:00 PM
[SKIP] INFY: No new trades allowed after 3:00 PM
[SKIP] ICICIBANK: No new trades allowed after 3:00 PM
[SKIP] RELIANCE: No new trades allowed after 3:00 PM
[SKIP] TCS: No new trades allowed after 3:00 PM
[SKIP] HDFCBANK: No new trades allowed after 3:00 PM
[SKIP] INFY: No new trades allowed after 3:00 PM
[SKIP] ICICIBANK: No new trades allowed after 3:00 PM
[SKIP] RELIANCE: No new trades allowed after 3:00 PM
[SKIP] TCS: No new trades allowed after 3:00 PM
[SKIP] HDFCBANK: No new trades allowed after 3:00 PM
[SKIP] INFY: No new trades allowed after 3:00 PM
[SKIP] ICICIBANK: No new trades allowed after 3:00 PM
[SKIP] RELIANCE: No new trades allowed after 3:00 PM
[SKIP] TCS: No new trades allowed after 3:00 PM
[SKIP] HDFCBANK: No new trades allowed after 3:00 PM
[SKIP] INFY: No new trades allowed after 3:00 PM
[SKIP] ICICIBANK: No new trades allowed after 3:00 PM
[SKIP] RELIANCE: No new trades allowed after 3:00 PM
[SKIP] TCS: No new trades allowed after 3:00 PM
[SKIP] HDFCBANK: No new trades allowed after 3:00 PM
[SKIP] INFY: No new trades allowed after 3:00 PM
[SKIP] ICICIBANK: No new trades allowed after 3:00 PM
[SKIP] RELIANCE: No new trades allowed after 3:00 PM
[SKIP] TCS: No new trades allowed after 3:00 PM
[SKIP] HDFCBANK: No new trades allowed after 3:00 PM
[SKIP] INFY: No new trades allowed after 3:00 PM
[SKIP] ICICIBANK: No new trades allowed after 3:00 PM
[SKIP] RELIANCE: No new trades allowed after 3:00 PM
[SKIP] TCS: No new trades allowed after 3:00 PM
[SKIP] HDFCBANK: No new trades allowed after 3:00 PM
[SKIP] INFY: No new trades allowed after 3:00 PM
[SKIP] ICICIBANK: No new trades allowed after 3:00 PM
[SKIP] RELIANCE: No new trades allowed after 3:00 PM
[SKIP] TCS: No new trades allowed after 3:00 PM
[SKIP] HDFCBANK: No new trades allowed after 3:00 PM
[SKIP] INFY: No new trades allowed after 3:00 PM
[SKIP] ICICIBANK: No new trades allowed after 3:00 PM
[SKIP] RELIANCE: No new trades allowed after 3:00 PM
[SKIP] TCS: No new trades allowed after 3:00 PM
[SKIP] HDFCBANK: No new trades allowed after 3:00 PM
[SKIP] INFY: No new trades allowed after 3:00 PM
[SKIP] ICICIBANK: No new trades allowed after 3:00 PM
[SKIP] RELIANCE: No new trades allowed after 3:00 PM
[SKIP] TCS: No new trades allowed after 3:00 PM
[SKIP] HDFCBANK: No new trades allowed after 3:00 PM
[SKIP] INFY: No new trades allowed after 3:00 PM
[SKIP] ICICIBANK: No new trades allowed after 3:00 PM
[SKIP] RELIANCE: No new trades allowed after 3:00 PM
[SKIP] TCS: No new trades allowed after 3:00 PM
[SKIP] HDFCBANK: No new trades allowed after 3:00 PM
[SKIP] INFY: No new trades allowed after 3:00 PM
[SKIP] ICICIBANK: No new trades allowed after 3:00 PM
[SKIP] RELIANCE: No new trades allowed after 3:00 PM
[SKIP] TCS: No new trades allowed after 3:00 PM
[SKIP] HDFCBANK: No new trades allowed after 3:00 PM
[SKIP] INFY: No new trades allowed after 3:00 PM
[SKIP] ICICIBANK: No new trades allowed after 3:00 PM
[SKIP] RELIANCE: No new trades allowed after 3:00 PM
[SKIP] TCS: No new trades allowed after 3:00 PM
[SKIP] HDFCBANK: No new trades allowed after 3:00 PM
[SKIP] INFY: No new trades allowed after 3:00 PM
[SKIP] ICICIBANK: No new trades allowed after 3:00 PM

[INFO] 3:18 PM reached. Squaring off all open positions...

[DONE] Trading bot stopped.
