nohup: ignoring input

📈 Trading bot started with Nifty trend filter...
✅ Logged in as: Shrinath Chathoth
⚠️ TCS skipped: Nifty trend DOWN
⚠️ INFY skipped: Nifty trend DOWN
⚠️ TCS skipped: Nifty trend DOWN
⚠️ INFY skipped: Nifty trend DOWN
⚠️ TCS skipped: Nifty trend DOWN
⚠️ INFY skipped: Nifty trend DOWN
⚠️ TCS skipped: Nifty trend DOWN
⚠️ INFY skipped: Nifty trend DOWN
⚠️ Skipped RELIANCE: Not enough margin for ₹14261.50
⚠️ Skipped TCS: Not enough margin for ₹27132.00
⚠️ Skipped INFY: Not enough margin for ₹29408.00
⚠️ Skipped RELIANCE: Not enough margin for ₹14278.00
⚠️ Skipped TCS: Not enough margin for ₹27147.20
⚠️ Skipped INFY: Not enough margin for ₹29480.00
⚠️ Skipped RELIANCE: Not enough margin for ₹14287.90
⚠️ Skipped RELIANCE: Not enough margin for ₹14287.90
⚠️ Skipped TCS: Not enough margin for ₹27144.00
⚠️ Skipped INFY: Not enough margin for ₹29480.00
⚠️ Skipped RELIANCE: Not enough margin for ₹14290.10
⚠️ Skipped RELIANCE: Not enough margin for ₹14290.10
⚠️ Skipped TCS: Not enough margin for ₹27104.00
⚠️ Skipped INFY: Not enough margin for ₹29432.00
⚠️ Skipped RELIANCE: Not enough margin for ₹14313.20
⚠️ Skipped RELIANCE: Not enough margin for ₹14313.20
⚠️ Skipped TCS: Not enough margin for ₹27086.40
⚠️ Skipped INFY: Not enough margin for ₹29420.00
⚠️ Skipped RELIANCE: Not enough margin for ₹14323.10
⚠️ Skipped RELIANCE: Not enough margin for ₹14323.10
⚠️ Skipped TCS: Not enough margin for ₹27079.20
⚠️ Skipped INFY: Not enough margin for ₹29438.00
⚠️ Skipped RELIANCE: Not enough margin for ₹14337.40
⚠️ Skipped RELIANCE: Not enough margin for ₹14337.40
⚠️ Skipped TCS: Not enough margin for ₹27082.40
⚠️ Skipped INFY: Not enough margin for ₹29412.00
⚠️ Skipped RELIANCE: Not enough margin for ₹14324.20
⚠️ Skipped RELIANCE: Not enough margin for ₹14323.10
⚠️ Skipped TCS: Not enough margin for ₹27073.60
⚠️ Skipped INFY: Not enough margin for ₹29418.00
⚠️ Skipped RELIANCE: Not enough margin for ₹14346.20
⚠️ Skipped RELIANCE: Not enough margin for ₹14346.20
⚠️ Skipped TCS: Not enough margin for ₹27060.80
⚠️ Skipped INFY: Not enough margin for ₹29396.00
⚠️ Skipped RELIANCE: Not enough margin for ₹14355.00
⚠️ Skipped RELIANCE: Not enough margin for ₹14355.00
⚠️ Skipped TCS: Not enough margin for ₹27065.60
⚠️ Skipped INFY: Not enough margin for ₹29384.00
⚠️ Skipped RELIANCE: Not enough margin for ₹14349.50
⚠️ Skipped RELIANCE: Not enough margin for ₹14349.50
⚠️ Skipped TCS: Not enough margin for ₹27068.00
⚠️ Skipped INFY: Not enough margin for ₹29376.00
⚠️ Skipped RELIANCE: Not enough margin for ₹14347.30
⚠️ Skipped RELIANCE: Not enough margin for ₹14347.30
⚠️ Skipped TCS: Not enough margin for ₹27071.20
⚠️ Skipped INFY: Not enough margin for ₹29378.00
⚠️ Skipped RELIANCE: Not enough margin for ₹14324.20
⚠️ Skipped RELIANCE: Not enough margin for ₹14324.20
⚠️ Skipped TCS: Not enough margin for ₹27070.40
⚠️ Skipped INFY: Not enough margin for ₹29350.00
⚠️ RELIANCE skipped: Nifty trend DOWN
⚠️ RELIANCE skipped: Nifty trend DOWN
⚠️ TCS skipped: Nifty trend DOWN
⚠️ INFY skipped: Nifty trend DOWN
⚠️ RELIANCE skipped: Nifty trend DOWN
⚠️ RELIANCE skipped: Nifty trend DOWN
⚠️ TCS skipped: Nifty trend DOWN
⚠️ INFY skipped: Nifty trend DOWN
⚠️ RELIANCE skipped: Nifty trend DOWN
⚠️ RELIANCE skipped: Nifty trend DOWN
⚠️ TCS skipped: Nifty trend DOWN
⚠️ INFY skipped: Nifty trend DOWN
⚠️ Skipped RELIANCE: Not enough margin for ₹14344.00
⚠️ Skipped RELIANCE: Not enough margin for ₹14344.00
⚠️ Skipped TCS: Not enough margin for ₹27160.00
⚠️ Skipped INFY: Not enough margin for ₹29440.00
⚠️ RELIANCE skipped: Nifty trend DOWN
⚠️ RELIANCE skipped: Nifty trend DOWN
⚠️ TCS skipped: Nifty trend DOWN
⚠️ INFY skipped: Nifty trend DOWN
⚠️ TCS skipped: Nifty trend DOWN
⚠️ INFY skipped: Nifty trend DOWN
⚠️ TCS skipped: Nifty trend DOWN
⚠️ INFY skipped: Nifty trend DOWN
⚠️ TCS skipped: Nifty trend DOWN
⚠️ INFY skipped: Nifty trend DOWN
⚠️ TCS skipped: Nifty trend DOWN
⚠️ INFY skipped: Nifty trend DOWN
⚠️ TCS skipped: Nifty trend DOWN
⚠️ INFY skipped: Nifty trend DOWN
⚠️ TCS skipped: Nifty trend DOWN
⚠️ INFY skipped: Nifty trend DOWN
⚠️ TCS skipped: Nifty trend DOWN
⚠️ INFY skipped: Nifty trend DOWN
⚠️ TCS skipped: Nifty trend DOWN
⚠️ INFY skipped: Nifty trend DOWN
⚠️ TCS skipped: Nifty trend DOWN
⚠️ TCS skipped: Nifty trend DOWN
⚠️ TCS skipped: Nifty trend DOWN
⚠️ TCS skipped: Nifty trend DOWN
⚠️ TCS skipped: Nifty trend DOWN
⚠️ INFY skipped: Nifty trend DOWN
⚠️ TCS skipped: Nifty trend DOWN
⚠️ INFY skipped: Nifty trend DOWN
⚠️ TCS skipped: Nifty trend DOWN
⚠️ INFY skipped: Nifty trend DOWN
⚠️ TCS skipped: Nifty trend DOWN
⚠️ INFY skipped: Nifty trend DOWN
⚠️ TCS skipped: Nifty trend DOWN
⚠️ INFY skipped: Nifty trend DOWN
⚠️ TCS skipped: Nifty trend DOWN
⚠️ INFY skipped: Nifty trend DOWN
⚠️ TCS skipped: Nifty trend DOWN
⚠️ INFY skipped: Nifty trend DOWN
⚠️ TCS skipped: Nifty trend DOWN
⚠️ INFY skipped: Nifty trend DOWN
⚠️ TCS skipped: Nifty trend DOWN
⚠️ INFY skipped: Nifty trend DOWN
⚠️ TCS skipped: Nifty trend DOWN
⚠️ INFY skipped: Nifty trend DOWN
⚠️ TCS skipped: Nifty trend DOWN
⚠️ INFY skipped: Nifty trend DOWN
⚠️ TCS skipped: Nifty trend DOWN
⚠️ INFY skipped: Nifty trend DOWN
⚠️ TCS skipped: Nifty trend DOWN
⚠️ INFY skipped: Nifty trend DOWN
⚠️ TCS skipped: Nifty trend DOWN
⚠️ INFY skipped: Nifty trend DOWN
⚠️ TCS skipped: Nifty trend DOWN
⚠️ INFY skipped: Nifty trend DOWN
⚠️ TCS skipped: Nifty trend DOWN
⚠️ INFY skipped: Nifty trend DOWN
⚠️ TCS skipped: Nifty trend DOWN
⚠️ INFY skipped: Nifty trend DOWN
⚠️ TCS skipped: Nifty trend DOWN
⚠️ INFY skipped: Nifty trend DOWN
⚠️ TCS skipped: Nifty trend DOWN
⚠️ INFY skipped: Nifty trend DOWN
⚠️ TCS skipped: Nifty trend DOWN
⚠️ INFY skipped: Nifty trend DOWN
⚠️ TCS skipped: Nifty trend DOWN
⚠️ INFY skipped: Nifty trend DOWN
⚠️ TCS skipped: Nifty trend DOWN
⚠️ INFY skipped: Nifty trend DOWN
⚠️ TCS skipped: Nifty trend DOWN
⚠️ INFY skipped: Nifty trend DOWN
⚠️ TCS skipped: Nifty trend DOWN
⚠️ INFY skipped: Nifty trend DOWN
⚠️ TCS skipped: Nifty trend DOWN
⚠️ INFY skipped: Nifty trend DOWN
⚠️ INFY skipped: Nifty trend DOWN
⚠️ TCS skipped: Nifty trend DOWN
⚠️ INFY skipped: Nifty trend DOWN
⚠️ INFY skipped: Nifty trend DOWN
⚠️ TCS skipped: Nifty trend DOWN
⚠️ INFY skipped: Nifty trend DOWN
⚠️ TCS skipped: Nifty trend DOWN
⚠️ INFY skipped: Nifty trend DOWN
⚠️ TCS skipped: Nifty trend DOWN
⚠️ INFY skipped: Nifty trend DOWN
⚠️ INFY skipped: Nifty trend DOWN
⚠️ INFY skipped: Nifty trend DOWN
⚠️ INFY skipped: Nifty trend DOWN
⚠️ INFY skipped: Nifty trend DOWN
⚠️ INFY skipped: Nifty trend DOWN
⚠️ INFY skipped: Nifty trend DOWN
⚠️ INFY skipped: Nifty trend DOWN
⚠️ INFY skipped: Nifty trend DOWN
⚠️ INFY skipped: Nifty trend DOWN
⚠️ INFY skipped: Nifty trend DOWN
⚠️ INFY skipped: Nifty trend DOWN
⚠️ INFY skipped: Nifty trend DOWN
⚠️ TCS skipped: Nifty trend DOWN
⚠️ INFY skipped: Nifty trend DOWN
⚠️ TCS skipped: Nifty trend DOWN
⚠️ INFY skipped: Nifty trend DOWN
⚠️ TCS skipped: Nifty trend DOWN
⚠️ INFY skipped: Nifty trend DOWN
⚠️ INFY skipped: Nifty trend DOWN
⚠️ TCS skipped: Nifty trend DOWN
⚠️ INFY skipped: Nifty trend DOWN
⚠️ INFY skipped: Nifty trend DOWN
⚠️ TCS skipped: Nifty trend DOWN
⚠️ INFY skipped: Nifty trend DOWN
⚠️ INFY skipped: Nifty trend DOWN
⚠️ TCS skipped: Nifty trend DOWN
⚠️ INFY skipped: Nifty trend DOWN
⚠️ INFY skipped: Nifty trend DOWN
⚠️ TCS skipped: Nifty trend DOWN
